<?xml version="1.0" encoding="UTF-8"?>
<!-- Generated by org.testng.reporters.JUnitXMLReporter -->
<testsuite hostname="Sanas-Air" ignored="2" name="smoke" tests="8" failures="0" timestamp="02 Mar 2022 22:02:18 GMT" time="166.729" errors="0">
  <testcase name="creditCardTestingWithExcelDataProvider" time="0.0" classname="chase.bank.tests.CreditCardsTest">
    <skipped/>
  </testcase> <!-- creditCardTestingWithExcelDataProvider -->
  <testcase name="creditCardTestingWithIteratorDataProvider" time="57.346" classname="chase.bank.tests.CreditCardsTest"/>
  <testcase name="testMethodApplicant" time="0.003" classname="chase.bank.tests.CreditCardsTest"/>
  <testcase name="testMethodApplicant1" time="0.002" classname="chase.bank.tests.CreditCardsTest"/>
  <testcase name="creditCardTestingWithExcelDataProvider" time="0.0" classname="chase.bank.tests.CreditCardsWithExtentReport">
    <skipped/>
  </testcase> <!-- creditCardTestingWithExcelDataProvider -->
  <testcase name="test1" time="0.002" classname="chase.bank.tests.CreditCardsWithExtentReport"/>
  <testcase name="test2" time="0.002" classname="chase.bank.tests.CreditCardsWithExtentReport"/>
  <testcase name="creditCardPageTest" time="56.681" classname="chase.bank.tests.CreditCardsTest"/>
  <testcase name="@BeforeSuite initiatinExtentReport" time="0.0" classname="chase.bank.base.Base_class">
    <ignored/>
  </testcase> <!-- @BeforeSuite initiatinExtentReport -->
  <testcase name="@AfterSuite endReport" time="0.0" classname="chase.bank.base.Base_class">
    <ignored/>
  </testcase> <!-- @AfterSuite endReport -->
</testsuite> <!-- smoke -->
