<?xml version="1.0" encoding="UTF-8"?>
<testng-results ignored="0" total="1" passed="1" failed="0" skipped="0">
  <reporter-output>
    <line>
      <![CDATA[https://secure03b.chase.com/web/oao/application/card?sourceCode=GN4X&action=guest#/origination/cardDetails/index/initiateConFullApp;cellCode=61DS;cfgCode=FULLAPPCONCC;channel=C30;sourceCode=GN4X;AOC=6610;RPC=0509;combo=Y;params=,,,no,no,,,055419b0-0fb2-4e3f-b17d-ddd41c3969fb<br>]]>
    </line>
    <line>
      <![CDATA[Account Application - Credit Card - chase.com<br>]]>
    </line>
  </reporter-output>
  <suite started-at="2022-02-09T00:31:02Z" name="Default suite" finished-at="2022-02-09T00:31:59Z" duration-ms="56903">
    <groups>
    </groups>
    <test started-at="2022-02-09T00:31:02Z" name="Default test" finished-at="2022-02-09T00:31:59Z" duration-ms="56903">
      <class name="chase.bank.tests.Testing">
        <test-method is-config="true" signature="setUp()[pri:0, instance:chase.bank.tests.Testing@4b23c30a]" started-at="2022-02-09T00:31:02Z" name="setUp" finished-at="2022-02-09T00:31:12Z" duration-ms="9751" status="PASS">
          <reporter-output>
          </reporter-output>
        </test-method> <!-- setUp -->
        <test-method signature="creditCardPageTest()[pri:0, instance:chase.bank.tests.Testing@4b23c30a]" started-at="2022-02-09T00:31:12Z" name="creditCardPageTest" finished-at="2022-02-09T00:31:59Z" duration-ms="46723" status="PASS">
          <reporter-output>
            <line>
              <![CDATA[https://secure03b.chase.com/web/oao/application/card?sourceCode=GN4X&action=guest#/origination/cardDetails/index/initiateConFullApp;cellCode=61DS;cfgCode=FULLAPPCONCC;channel=C30;sourceCode=GN4X;AOC=6610;RPC=0509;combo=Y;params=,,,no,no,,,055419b0-0fb2-4e3f-b17d-ddd41c3969fb<br>]]>
            </line>
            <line>
              <![CDATA[Account Application - Credit Card - chase.com<br>]]>
            </line>
          </reporter-output>
        </test-method> <!-- creditCardPageTest -->
        <test-method is-config="true" signature="tearUp()[pri:0, instance:chase.bank.tests.Testing@4b23c30a]" started-at="2022-02-09T00:31:59Z" name="tearUp" finished-at="2022-02-09T00:31:59Z" duration-ms="370" status="PASS">
          <reporter-output>
          </reporter-output>
        </test-method> <!-- tearUp -->
      </class> <!-- chase.bank.tests.Testing -->
    </test> <!-- Default test -->
  </suite> <!-- Default suite -->
</testng-results>
