<?xml version="1.0" encoding="UTF-8"?>
<testng-results ignored="0" total="1" passed="1" failed="0" skipped="0">
  <reporter-output>
  </reporter-output>
  <suite started-at="2022-02-09T21:43:20Z" name="Default suite" finished-at="2022-02-09T21:44:22Z" duration-ms="61813">
    <groups>
    </groups>
    <test started-at="2022-02-09T21:43:20Z" name="Default test" finished-at="2022-02-09T21:44:22Z" duration-ms="61813">
      <class name="chase.bank.tests.Testing">
        <test-method is-config="true" signature="setUp()[pri:0, instance:chase.bank.tests.Testing@4b23c30a]" started-at="2022-02-09T21:43:20Z" name="setUp" finished-at="2022-02-09T21:43:29Z" duration-ms="9596" status="PASS">
          <reporter-output>
          </reporter-output>
        </test-method> <!-- setUp -->
        <test-method signature="creditCardPageTest()[pri:0, instance:chase.bank.tests.Testing@4b23c30a]" started-at="2022-02-09T21:43:29Z" name="creditCardPageTest" finished-at="2022-02-09T21:44:21Z" duration-ms="51755" status="PASS">
          <reporter-output>
          </reporter-output>
        </test-method> <!-- creditCardPageTest -->
        <test-method is-config="true" signature="tearUp()[pri:0, instance:chase.bank.tests.Testing@4b23c30a]" started-at="2022-02-09T21:44:21Z" name="tearUp" finished-at="2022-02-09T21:44:22Z" duration-ms="412" status="PASS">
          <reporter-output>
          </reporter-output>
        </test-method> <!-- tearUp -->
      </class> <!-- chase.bank.tests.Testing -->
    </test> <!-- Default test -->
  </suite> <!-- Default suite -->
</testng-results>
