<?xml version="1.0" encoding="UTF-8"?>
<testng-results skipped="2" failed="1" ignored="2" total="10" passed="5">
  <reporter-output>
    <line>
      <![CDATA[File Not Found @ ./inputFiles/applicants info.xlsx <br>]]>
    </line>
    <line>
      <![CDATA[My OS version is Mac OS X<br>]]>
    </line>
    <line>
      <![CDATA[My OS version is Mac OS X<br>]]>
    </line>
    <line>
      <![CDATA[this is an auto related test 0<br>]]>
    </line>
    <line>
      <![CDATA[My OS version is Mac OS X<br>]]>
    </line>
    <line>
      <![CDATA[this is an auto related test 1<br>]]>
    </line>
    <line>
      <![CDATA[File Not Found @ ./inputFiles/applicants info.xlsx <br>]]>
    </line>
    <line>
      <![CDATA[My OS version is Mac OS X<br>]]>
    </line>
    <line>
      <![CDATA[My OS version is Mac OS X<br>]]>
    </line>
    <line>
      <![CDATA[My OS version is Mac OS X<br>]]>
    </line>
    <line>
      <![CDATA[Screenshot cannot saved 
/Users/sananaeem/eclipse-workspace/chase.bank/screenShots/creditCardPageTest_02.18.2022_18.10.50_errorShot.png (No such file or directory)<br>]]>
    </line>
  </reporter-output>
  <suite name="SmokeSuite" duration-ms="169650" started-at="2022-02-18T23:08:01Z" finished-at="2022-02-18T23:10:51Z">
    <groups>
      <group name="auto">
        <method signature="CreditCardsWithExtentReport.creditCardTestingWithExcelDataProvider(java.lang.String, java.lang.String, java.lang.String, java.lang.String, java.lang.String, java.lang.String, java.lang.String, java.lang.String, java.lang.String, java.lang.String, java.lang.String, java.lang.String, java.lang.String, java.lang.String, java.lang.String, java.lang.String, java.lang.String)[pri:0, instance:chase.bank.tests.CreditCardsWithExtentReport@1d29cf23]" name="creditCardTestingWithExcelDataProvider" class="chase.bank.tests.CreditCardsWithExtentReport"/>
      </group> <!-- auto -->
      <group name="applicant">
        <method signature="CreditCardsTest.creditCardPageTest()[pri:1, instance:chase.bank.tests.CreditCardsTest@27a5f880]" name="creditCardPageTest" class="chase.bank.tests.CreditCardsTest"/>
        <method signature="CreditCardsTest.creditCardTestingWithExcelDataProvider(java.lang.String, java.lang.String, java.lang.String, java.lang.String, java.lang.String, java.lang.String, java.lang.String, java.lang.String, java.lang.String, java.lang.String, java.lang.String, java.lang.String, java.lang.String, java.lang.String, java.lang.String, java.lang.String, java.lang.String)[pri:0, instance:chase.bank.tests.CreditCardsTest@27a5f880]" name="creditCardTestingWithExcelDataProvider" class="chase.bank.tests.CreditCardsTest"/>
        <method signature="CreditCardsTest.creditCardTestingWithIteratorDataProvider(chase.bank.data.ApplicantInfoDataClass)[pri:0, instance:chase.bank.tests.CreditCardsTest@27a5f880]" name="creditCardTestingWithIteratorDataProvider" class="chase.bank.tests.CreditCardsTest"/>
        <method signature="CreditCardsTest.testMethodApplicant1()[pri:0, instance:chase.bank.tests.CreditCardsTest@27a5f880]" name="testMethodApplicant1" class="chase.bank.tests.CreditCardsTest"/>
      </group> <!-- applicant -->
    </groups>
    <test name="smoke" duration-ms="169650" started-at="2022-02-18T23:08:01Z" finished-at="2022-02-18T23:10:51Z">
      <class name="chase.bank.tests.CreditCardsTest">
        <test-method status="PASS" signature="initiatinExtentReport()[pri:0, instance:chase.bank.tests.CreditCardsTest@27a5f880]" name="initiatinExtentReport" is-config="true" duration-ms="602" started-at="2022-02-18T23:08:01Z" finished-at="2022-02-18T23:08:01Z">
          <reporter-output>
          </reporter-output>
        </test-method> <!-- initiatinExtentReport -->
        <test-method status="SKIP" signature="creditCardTestingWithExcelDataProvider(java.lang.String, java.lang.String, java.lang.String, java.lang.String, java.lang.String, java.lang.String, java.lang.String, java.lang.String, java.lang.String, java.lang.String, java.lang.String, java.lang.String, java.lang.String, java.lang.String, java.lang.String, java.lang.String, java.lang.String)[pri:0, instance:chase.bank.tests.CreditCardsTest@27a5f880]" name="creditCardTestingWithExcelDataProvider" duration-ms="0" started-at="2022-02-18T23:08:02Z" data-provider="applicantDataExcel" finished-at="2022-02-18T23:08:02Z">
          <exception class="java.lang.RuntimeException">
            <message>
              <![CDATA[java.lang.NullPointerException]]>
            </message>
            <full-stacktrace>
              <![CDATA[java.lang.RuntimeException: java.lang.NullPointerException
at org.testng.internal.MethodInvocationHelper.invokeMethodNoCheckedException(MethodInvocationHelper.java:49)
at org.testng.internal.MethodInvocationHelper.invokeDataProvider(MethodInvocationHelper.java:131)
at org.testng.internal.Parameters.handleParameters(Parameters.java:706)
at org.testng.internal.ParameterHandler.handleParameters(ParameterHandler.java:49)
at org.testng.internal.ParameterHandler.createParameters(ParameterHandler.java:37)
at org.testng.internal.Invoker.invokeTestMethods(Invoker.java:924)
at org.testng.internal.TestMethodWorker.invokeTestMethods(TestMethodWorker.java:125)
at org.testng.internal.TestMethodWorker.run(TestMethodWorker.java:109)
at org.testng.TestRunner.privateRun(TestRunner.java:648)
at org.testng.TestRunner.run(TestRunner.java:505)
at org.testng.SuiteRunner.runTest(SuiteRunner.java:455)
at org.testng.SuiteRunner.runSequentially(SuiteRunner.java:450)
at org.testng.SuiteRunner.privateRun(SuiteRunner.java:415)
at org.testng.SuiteRunner.run(SuiteRunner.java:364)
at org.testng.SuiteRunnerWorker.runSuite(SuiteRunnerWorker.java:52)
at org.testng.SuiteRunnerWorker.run(SuiteRunnerWorker.java:84)
at org.testng.TestNG.runSuitesSequentially(TestNG.java:1208)
at org.testng.TestNG.runSuitesLocally(TestNG.java:1137)
at org.testng.TestNG.runSuites(TestNG.java:1049)
at org.testng.TestNG.run(TestNG.java:1017)
at org.testng.remote.AbstractRemoteTestNG.run(AbstractRemoteTestNG.java:115)
at org.testng.remote.RemoteTestNG.initAndRun(RemoteTestNG.java:251)
at org.testng.remote.RemoteTestNG.main(RemoteTestNG.java:77)
Caused by: java.lang.NullPointerException
at chase.bank.reporting.Logger.log(Logger.java:10)
at chase.bank.utilities.ExcelReader.<init>(ExcelReader.java:26)
at chase.bank.tests.CreditCardsTest.getApplicantDataExcel(CreditCardsTest.java:45)
at sun.reflect.NativeMethodAccessorImpl.invoke0(Native Method)
at sun.reflect.NativeMethodAccessorImpl.invoke(NativeMethodAccessorImpl.java:62)
at sun.reflect.DelegatingMethodAccessorImpl.invoke(DelegatingMethodAccessorImpl.java:43)
at java.lang.reflect.Method.invoke(Method.java:498)
at org.testng.internal.MethodInvocationHelper.invokeMethod(MethodInvocationHelper.java:124)
at org.testng.internal.MethodInvocationHelper.invokeMethod(MethodInvocationHelper.java:74)
at org.testng.internal.MethodInvocationHelper.invokeMethodNoCheckedException(MethodInvocationHelper.java:45)
... 22 more
]]>
            </full-stacktrace>
          </exception> <!-- java.lang.RuntimeException -->
          <reporter-output>
          </reporter-output>
        </test-method> <!-- creditCardTestingWithExcelDataProvider -->
        <test-method status="PASS" signature="beforeEachTest(java.lang.reflect.Method)[pri:0, instance:chase.bank.tests.CreditCardsTest@27a5f880]" name="beforeEachTest" is-config="true" duration-ms="178" started-at="2022-02-18T23:08:02Z" finished-at="2022-02-18T23:08:02Z">
          <params>
            <param index="0">
              <value>
                <![CDATA[public void chase.bank.tests.CreditCardsTest.creditCardTestingWithIteratorDataProvider(chase.bank.data.ApplicantInfoDataClass)]]>
              </value>
            </param>
          </params>
          <reporter-output>
          </reporter-output>
        </test-method> <!-- beforeEachTest -->
        <test-method status="PASS" signature="setUp(java.lang.String)[pri:0, instance:chase.bank.tests.CreditCardsTest@27a5f880]" name="setUp" is-config="true" duration-ms="17477" started-at="2022-02-18T23:08:02Z" finished-at="2022-02-18T23:08:19Z">
          <params>
            <param index="0">
              <value>
                <![CDATA[mybrowser]]>
              </value>
            </param>
          </params>
          <reporter-output>
            <line>
              <![CDATA[My OS version is Mac OS X<br>]]>
            </line>
          </reporter-output>
        </test-method> <!-- setUp -->
        <test-method status="PASS" signature="creditCardTestingWithIteratorDataProvider(chase.bank.data.ApplicantInfoDataClass)[pri:0, instance:chase.bank.tests.CreditCardsTest@27a5f880]" name="creditCardTestingWithIteratorDataProvider" duration-ms="50892" started-at="2022-02-18T23:08:19Z" data-provider="applicantData" finished-at="2022-02-18T23:09:10Z">
          <params>
            <param index="0">
              <value>
                <![CDATA[chase.bank.data.ApplicantInfoDataClass@4ba89729]]>
              </value>
            </param>
          </params>
          <reporter-output>
          </reporter-output>
        </test-method> <!-- creditCardTestingWithIteratorDataProvider -->
        <test-method status="PASS" signature="afterEachTest(org.testng.ITestResult)[pri:0, instance:chase.bank.tests.CreditCardsTest@27a5f880]" name="afterEachTest" is-config="true" duration-ms="515" started-at="2022-02-18T23:09:10Z" finished-at="2022-02-18T23:09:11Z">
          <params>
            <param index="0">
              <value>
                <![CDATA[[TestResult name=creditCardTestingWithIteratorDataProvider status=SUCCESS method=CreditCardsTest.creditCardTestingWithIteratorDataProvider(chase.bank.data.ApplicantInfoDataClass)[pri:0, instance:chase.bank.tests.CreditCardsTest@27a5f880] output={null}]]]>
              </value>
            </param>
          </params>
          <reporter-output>
          </reporter-output>
        </test-method> <!-- afterEachTest -->
        <test-method status="PASS" signature="beforeEachTest(java.lang.reflect.Method)[pri:0, instance:chase.bank.tests.CreditCardsTest@27a5f880]" name="beforeEachTest" is-config="true" duration-ms="1" started-at="2022-02-18T23:09:11Z" finished-at="2022-02-18T23:09:11Z">
          <params>
            <param index="0">
              <value>
                <![CDATA[public void chase.bank.tests.CreditCardsTest.testMethodApplicant()]]>
              </value>
            </param>
          </params>
          <reporter-output>
          </reporter-output>
        </test-method> <!-- beforeEachTest -->
        <test-method status="PASS" signature="setUp(java.lang.String)[pri:0, instance:chase.bank.tests.CreditCardsTest@27a5f880]" name="setUp" is-config="true" duration-ms="7312" started-at="2022-02-18T23:09:11Z" finished-at="2022-02-18T23:09:18Z">
          <params>
            <param index="0">
              <value>
                <![CDATA[mybrowser]]>
              </value>
            </param>
          </params>
          <reporter-output>
            <line>
              <![CDATA[My OS version is Mac OS X<br>]]>
            </line>
          </reporter-output>
        </test-method> <!-- setUp -->
        <test-method status="PASS" signature="testMethodApplicant()[pri:0, instance:chase.bank.tests.CreditCardsTest@27a5f880]" name="testMethodApplicant" duration-ms="3" started-at="2022-02-18T23:09:18Z" depends-on-methods="creditCardTesting" finished-at="2022-02-18T23:09:18Z">
          <reporter-output>
            <line>
              <![CDATA[this is an auto related test 0<br>]]>
            </line>
          </reporter-output>
        </test-method> <!-- testMethodApplicant -->
        <test-method status="PASS" signature="afterEachTest(org.testng.ITestResult)[pri:0, instance:chase.bank.tests.CreditCardsTest@27a5f880]" name="afterEachTest" is-config="true" duration-ms="231" started-at="2022-02-18T23:09:18Z" finished-at="2022-02-18T23:09:18Z">
          <params>
            <param index="0">
              <value>
                <![CDATA[[TestResult name=testMethodApplicant status=SUCCESS method=CreditCardsTest.testMethodApplicant()[pri:0, instance:chase.bank.tests.CreditCardsTest@27a5f880] output=this is an auto related test 0<br>]]]>
              </value>
            </param>
          </params>
          <reporter-output>
          </reporter-output>
        </test-method> <!-- afterEachTest -->
        <test-method status="PASS" signature="beforeEachTest(java.lang.reflect.Method)[pri:0, instance:chase.bank.tests.CreditCardsTest@27a5f880]" name="beforeEachTest" is-config="true" duration-ms="1" started-at="2022-02-18T23:09:18Z" finished-at="2022-02-18T23:09:18Z">
          <params>
            <param index="0">
              <value>
                <![CDATA[public void chase.bank.tests.CreditCardsTest.testMethodApplicant1()]]>
              </value>
            </param>
          </params>
          <reporter-output>
          </reporter-output>
        </test-method> <!-- beforeEachTest -->
        <test-method status="PASS" signature="setUp(java.lang.String)[pri:0, instance:chase.bank.tests.CreditCardsTest@27a5f880]" name="setUp" is-config="true" duration-ms="7616" started-at="2022-02-18T23:09:18Z" finished-at="2022-02-18T23:09:26Z">
          <params>
            <param index="0">
              <value>
                <![CDATA[mybrowser]]>
              </value>
            </param>
          </params>
          <reporter-output>
            <line>
              <![CDATA[My OS version is Mac OS X<br>]]>
            </line>
          </reporter-output>
        </test-method> <!-- setUp -->
        <test-method status="PASS" signature="testMethodApplicant1()[pri:0, instance:chase.bank.tests.CreditCardsTest@27a5f880]" name="testMethodApplicant1" duration-ms="4" started-at="2022-02-18T23:09:26Z" finished-at="2022-02-18T23:09:26Z">
          <reporter-output>
            <line>
              <![CDATA[this is an auto related test 1<br>]]>
            </line>
          </reporter-output>
        </test-method> <!-- testMethodApplicant1 -->
        <test-method status="PASS" signature="afterEachTest(org.testng.ITestResult)[pri:0, instance:chase.bank.tests.CreditCardsTest@27a5f880]" name="afterEachTest" is-config="true" duration-ms="304" started-at="2022-02-18T23:09:26Z" finished-at="2022-02-18T23:09:26Z">
          <params>
            <param index="0">
              <value>
                <![CDATA[[TestResult name=testMethodApplicant1 status=SUCCESS method=CreditCardsTest.testMethodApplicant1()[pri:0, instance:chase.bank.tests.CreditCardsTest@27a5f880] output=this is an auto related test 1<br>]]]>
              </value>
            </param>
          </params>
          <reporter-output>
          </reporter-output>
        </test-method> <!-- afterEachTest -->
        <test-method status="PASS" signature="beforeEachTest(java.lang.reflect.Method)[pri:0, instance:chase.bank.tests.CreditCardsTest@27a5f880]" name="beforeEachTest" is-config="true" duration-ms="1" started-at="2022-02-18T23:09:43Z" finished-at="2022-02-18T23:09:43Z">
          <params>
            <param index="0">
              <value>
                <![CDATA[public void chase.bank.tests.CreditCardsTest.creditCardPageTest() throws java.lang.InterruptedException]]>
              </value>
            </param>
          </params>
          <reporter-output>
          </reporter-output>
        </test-method> <!-- beforeEachTest -->
        <test-method status="PASS" signature="setUp(java.lang.String)[pri:0, instance:chase.bank.tests.CreditCardsTest@27a5f880]" name="setUp" is-config="true" duration-ms="6958" started-at="2022-02-18T23:09:43Z" finished-at="2022-02-18T23:09:50Z">
          <params>
            <param index="0">
              <value>
                <![CDATA[mybrowser]]>
              </value>
            </param>
          </params>
          <reporter-output>
            <line>
              <![CDATA[My OS version is Mac OS X<br>]]>
            </line>
          </reporter-output>
        </test-method> <!-- setUp -->
        <test-method status="FAIL" signature="creditCardPageTest()[pri:1, instance:chase.bank.tests.CreditCardsTest@27a5f880]" name="creditCardPageTest" duration-ms="59994" started-at="2022-02-18T23:09:50Z" finished-at="2022-02-18T23:10:50Z">
          <exception class="org.openqa.selenium.TimeoutException">
            <message>
              <![CDATA[timeout: Timed out receiving message from renderer: 15.000
  (Session info: chrome=98.0.4758.102)
Build info: version: '4.1.1', revision: 'e8fcc2cecf'
System info: host: 'Sanas-Air', ip: 'fe80:0:0:0:4ed:f2dc:9199:a9a0%en0', os.name: 'Mac OS X', os.arch: 'x86_64', os.version: '10.16', java.version: '1.8.0_311'
Driver info: org.openqa.selenium.chrome.ChromeDriver
Command: [bf2cb906d7aeb3f464083717a51ee914, findElement {using=xpath, value=//h1[contains(., 'get started.')]}]
Capabilities {acceptInsecureCerts: false, browserName: chrome, browserVersion: 98.0.4758.102, chrome: {chromedriverVersion: 98.0.4758.102 (273bf7ac8c90..., userDataDir: /var/folders/2q/13m492rd6xj...}, goog:chromeOptions: {debuggerAddress: localhost:52531}, javascriptEnabled: true, networkConnectionEnabled: false, pageLoadStrategy: normal, platform: MAC, platformName: MAC, proxy: Proxy(), se:cdp: ws://localhost:52531/devtoo..., se:cdpVersion: 98.0.4758.102, setWindowRect: true, strictFileInteractability: false, timeouts: {implicit: 0, pageLoad: 300000, script: 30000}, unhandledPromptBehavior: dismiss and notify, webauthn:extension:credBlob: true, webauthn:extension:largeBlob: true, webauthn:virtualAuthenticators: true}
Session ID: bf2cb906d7aeb3f464083717a51ee914]]>
            </message>
            <full-stacktrace>
              <![CDATA[org.openqa.selenium.TimeoutException: timeout: Timed out receiving message from renderer: 15.000
  (Session info: chrome=98.0.4758.102)
Build info: version: '4.1.1', revision: 'e8fcc2cecf'
System info: host: 'Sanas-Air', ip: 'fe80:0:0:0:4ed:f2dc:9199:a9a0%en0', os.name: 'Mac OS X', os.arch: 'x86_64', os.version: '10.16', java.version: '1.8.0_311'
Driver info: org.openqa.selenium.chrome.ChromeDriver
Command: [bf2cb906d7aeb3f464083717a51ee914, findElement {using=xpath, value=//h1[contains(., 'get started.')]}]
Capabilities {acceptInsecureCerts: false, browserName: chrome, browserVersion: 98.0.4758.102, chrome: {chromedriverVersion: 98.0.4758.102 (273bf7ac8c90..., userDataDir: /var/folders/2q/13m492rd6xj...}, goog:chromeOptions: {debuggerAddress: localhost:52531}, javascriptEnabled: true, networkConnectionEnabled: false, pageLoadStrategy: normal, platform: MAC, platformName: MAC, proxy: Proxy(), se:cdp: ws://localhost:52531/devtoo..., se:cdpVersion: 98.0.4758.102, setWindowRect: true, strictFileInteractability: false, timeouts: {implicit: 0, pageLoad: 300000, script: 30000}, unhandledPromptBehavior: dismiss and notify, webauthn:extension:credBlob: true, webauthn:extension:largeBlob: true, webauthn:virtualAuthenticators: true}
Session ID: bf2cb906d7aeb3f464083717a51ee914
at sun.reflect.NativeConstructorAccessorImpl.newInstance0(Native Method)
at sun.reflect.NativeConstructorAccessorImpl.newInstance(NativeConstructorAccessorImpl.java:62)
at sun.reflect.DelegatingConstructorAccessorImpl.newInstance(DelegatingConstructorAccessorImpl.java:45)
at java.lang.reflect.Constructor.newInstance(Constructor.java:423)
at org.openqa.selenium.remote.codec.w3c.W3CHttpResponseCodec.createException(W3CHttpResponseCodec.java:200)
at org.openqa.selenium.remote.codec.w3c.W3CHttpResponseCodec.decode(W3CHttpResponseCodec.java:133)
at org.openqa.selenium.remote.codec.w3c.W3CHttpResponseCodec.decode(W3CHttpResponseCodec.java:53)
at org.openqa.selenium.remote.HttpCommandExecutor.execute(HttpCommandExecutor.java:184)
at org.openqa.selenium.remote.service.DriverCommandExecutor.invokeExecute(DriverCommandExecutor.java:167)
at org.openqa.selenium.remote.service.DriverCommandExecutor.execute(DriverCommandExecutor.java:142)
at org.openqa.selenium.remote.RemoteWebDriver.execute(RemoteWebDriver.java:543)
at org.openqa.selenium.remote.ElementLocation$ElementFinder$2.findElement(ElementLocation.java:162)
at org.openqa.selenium.remote.ElementLocation.findElement(ElementLocation.java:60)
at org.openqa.selenium.remote.RemoteWebDriver.findElement(RemoteWebDriver.java:367)
at org.openqa.selenium.remote.RemoteWebDriver.findElement(RemoteWebDriver.java:359)
at org.openqa.selenium.support.pagefactory.DefaultElementLocator.findElement(DefaultElementLocator.java:70)
at org.openqa.selenium.support.pagefactory.internal.LocatingElementHandler.invoke(LocatingElementHandler.java:39)
at com.sun.proxy.$Proxy21.isDisplayed(Unknown Source)
at org.openqa.selenium.support.ui.ExpectedConditions.elementIfVisible(ExpectedConditions.java:307)
at org.openqa.selenium.support.ui.ExpectedConditions.access$000(ExpectedConditions.java:40)
at org.openqa.selenium.support.ui.ExpectedConditions$10.apply(ExpectedConditions.java:293)
at org.openqa.selenium.support.ui.ExpectedConditions$10.apply(ExpectedConditions.java:290)
at org.openqa.selenium.support.ui.FluentWait.until(FluentWait.java:208)
at chase.bank.common.Common_waits.waitUntilVisible(Common_waits.java:23)
at chase.bank.common.Common_methods.getText(Common_methods.java:42)
at chase.bank.pages.FreedomUnlimitedAppPage.getTextFreedomUnlimitedStep(FreedomUnlimitedAppPage.java:20)
at chase.bank.pages.FreedomUnlimitedAppPage.FreedomUnlimitedSteps(FreedomUnlimitedAppPage.java:30)
at chase.bank.tests.CreditCardsTest.creditCardPageTest(CreditCardsTest.java:21)
at sun.reflect.NativeMethodAccessorImpl.invoke0(Native Method)
at sun.reflect.NativeMethodAccessorImpl.invoke(NativeMethodAccessorImpl.java:62)
at sun.reflect.DelegatingMethodAccessorImpl.invoke(DelegatingMethodAccessorImpl.java:43)
at java.lang.reflect.Method.invoke(Method.java:498)
at org.testng.internal.MethodInvocationHelper.invokeMethod(MethodInvocationHelper.java:124)
at org.testng.internal.Invoker.invokeMethod(Invoker.java:583)
at org.testng.internal.Invoker.invokeTestMethod(Invoker.java:719)
at org.testng.internal.Invoker.invokeTestMethods(Invoker.java:989)
at org.testng.internal.TestMethodWorker.invokeTestMethods(TestMethodWorker.java:125)
at org.testng.internal.TestMethodWorker.run(TestMethodWorker.java:109)
at org.testng.TestRunner.privateRun(TestRunner.java:648)
at org.testng.TestRunner.run(TestRunner.java:505)
at org.testng.SuiteRunner.runTest(SuiteRunner.java:455)
at org.testng.SuiteRunner.runSequentially(SuiteRunner.java:450)
at org.testng.SuiteRunner.privateRun(SuiteRunner.java:415)
at org.testng.SuiteRunner.run(SuiteRunner.java:364)
at org.testng.SuiteRunnerWorker.runSuite(SuiteRunnerWorker.java:52)
at org.testng.SuiteRunnerWorker.run(SuiteRunnerWorker.java:84)
at org.testng.TestNG.runSuitesSequentially(TestNG.java:1208)
at org.testng.TestNG.runSuitesLocally(TestNG.java:1137)
at org.testng.TestNG.runSuites(TestNG.java:1049)
at org.testng.TestNG.run(TestNG.java:1017)
at org.testng.remote.AbstractRemoteTestNG.run(AbstractRemoteTestNG.java:115)
at org.testng.remote.RemoteTestNG.initAndRun(RemoteTestNG.java:251)
at org.testng.remote.RemoteTestNG.main(RemoteTestNG.java:77)
]]>
            </full-stacktrace>
          </exception> <!-- org.openqa.selenium.TimeoutException -->
          <reporter-output>
          </reporter-output>
        </test-method> <!-- creditCardPageTest -->
        <test-method status="PASS" signature="afterEachTest(org.testng.ITestResult)[pri:0, instance:chase.bank.tests.CreditCardsTest@27a5f880]" name="afterEachTest" is-config="true" duration-ms="1061" started-at="2022-02-18T23:10:50Z" finished-at="2022-02-18T23:10:51Z">
          <params>
            <param index="0">
              <value>
                <![CDATA[[TestResult name=creditCardPageTest status=FAILURE method=CreditCardsTest.creditCardPageTest()[pri:1, instance:chase.bank.tests.CreditCardsTest@27a5f880] output={null}]]]>
              </value>
            </param>
          </params>
          <reporter-output>
            <line>
              <![CDATA[Screenshot cannot saved 
/Users/sananaeem/eclipse-workspace/chase.bank/screenShots/creditCardPageTest_02.18.2022_18.10.50_errorShot.png (No such file or directory)<br>]]>
            </line>
          </reporter-output>
        </test-method> <!-- afterEachTest -->
        <test-method status="PASS" signature="endReport()[pri:0, instance:chase.bank.tests.CreditCardsTest@27a5f880]" name="endReport" is-config="true" duration-ms="494" started-at="2022-02-18T23:10:51Z" finished-at="2022-02-18T23:10:52Z">
          <reporter-output>
          </reporter-output>
        </test-method> <!-- endReport -->
      </class> <!-- chase.bank.tests.CreditCardsTest -->
      <class name="chase.bank.tests.CreditCardsWithExtentReport">
        <test-method status="PASS" signature="extentSetup()[pri:0, instance:chase.bank.tests.CreditCardsWithExtentReport@1d29cf23]" name="extentSetup" is-config="true" duration-ms="3" started-at="2022-02-18T23:09:26Z" finished-at="2022-02-18T23:09:26Z">
          <reporter-output>
          </reporter-output>
        </test-method> <!-- extentSetup -->
        <test-method status="SKIP" signature="creditCardTestingWithExcelDataProvider(java.lang.String, java.lang.String, java.lang.String, java.lang.String, java.lang.String, java.lang.String, java.lang.String, java.lang.String, java.lang.String, java.lang.String, java.lang.String, java.lang.String, java.lang.String, java.lang.String, java.lang.String, java.lang.String, java.lang.String)[pri:0, instance:chase.bank.tests.CreditCardsWithExtentReport@1d29cf23]" name="creditCardTestingWithExcelDataProvider" duration-ms="0" started-at="2022-02-18T23:09:26Z" data-provider="applicantDataExcel" finished-at="2022-02-18T23:09:26Z">
          <exception class="java.lang.RuntimeException">
            <message>
              <![CDATA[java.lang.NullPointerException]]>
            </message>
            <full-stacktrace>
              <![CDATA[java.lang.RuntimeException: java.lang.NullPointerException
at org.testng.internal.MethodInvocationHelper.invokeMethodNoCheckedException(MethodInvocationHelper.java:49)
at org.testng.internal.MethodInvocationHelper.invokeDataProvider(MethodInvocationHelper.java:131)
at org.testng.internal.Parameters.handleParameters(Parameters.java:706)
at org.testng.internal.ParameterHandler.handleParameters(ParameterHandler.java:49)
at org.testng.internal.ParameterHandler.createParameters(ParameterHandler.java:37)
at org.testng.internal.Invoker.invokeTestMethods(Invoker.java:924)
at org.testng.internal.TestMethodWorker.invokeTestMethods(TestMethodWorker.java:125)
at org.testng.internal.TestMethodWorker.run(TestMethodWorker.java:109)
at org.testng.TestRunner.privateRun(TestRunner.java:648)
at org.testng.TestRunner.run(TestRunner.java:505)
at org.testng.SuiteRunner.runTest(SuiteRunner.java:455)
at org.testng.SuiteRunner.runSequentially(SuiteRunner.java:450)
at org.testng.SuiteRunner.privateRun(SuiteRunner.java:415)
at org.testng.SuiteRunner.run(SuiteRunner.java:364)
at org.testng.SuiteRunnerWorker.runSuite(SuiteRunnerWorker.java:52)
at org.testng.SuiteRunnerWorker.run(SuiteRunnerWorker.java:84)
at org.testng.TestNG.runSuitesSequentially(TestNG.java:1208)
at org.testng.TestNG.runSuitesLocally(TestNG.java:1137)
at org.testng.TestNG.runSuites(TestNG.java:1049)
at org.testng.TestNG.run(TestNG.java:1017)
at org.testng.remote.AbstractRemoteTestNG.run(AbstractRemoteTestNG.java:115)
at org.testng.remote.RemoteTestNG.initAndRun(RemoteTestNG.java:251)
at org.testng.remote.RemoteTestNG.main(RemoteTestNG.java:77)
Caused by: java.lang.NullPointerException
at chase.bank.utilities.ExcelReader.<init>(ExcelReader.java:43)
at chase.bank.tests.CreditCardsWithExtentReport.getApplicantDataExcel(CreditCardsWithExtentReport.java:32)
at sun.reflect.NativeMethodAccessorImpl.invoke0(Native Method)
at sun.reflect.NativeMethodAccessorImpl.invoke(NativeMethodAccessorImpl.java:62)
at sun.reflect.DelegatingMethodAccessorImpl.invoke(DelegatingMethodAccessorImpl.java:43)
at java.lang.reflect.Method.invoke(Method.java:498)
at org.testng.internal.MethodInvocationHelper.invokeMethod(MethodInvocationHelper.java:124)
at org.testng.internal.MethodInvocationHelper.invokeMethod(MethodInvocationHelper.java:74)
at org.testng.internal.MethodInvocationHelper.invokeMethodNoCheckedException(MethodInvocationHelper.java:45)
... 22 more
]]>
            </full-stacktrace>
          </exception> <!-- java.lang.RuntimeException -->
          <reporter-output>
          </reporter-output>
        </test-method> <!-- creditCardTestingWithExcelDataProvider -->
        <test-method status="PASS" signature="beforeEachTest(java.lang.reflect.Method)[pri:0, instance:chase.bank.tests.CreditCardsWithExtentReport@1d29cf23]" name="beforeEachTest" is-config="true" duration-ms="1" started-at="2022-02-18T23:09:26Z" finished-at="2022-02-18T23:09:26Z">
          <params>
            <param index="0">
              <value>
                <![CDATA[public void chase.bank.tests.CreditCardsWithExtentReport.test1()]]>
              </value>
            </param>
          </params>
          <reporter-output>
          </reporter-output>
        </test-method> <!-- beforeEachTest -->
        <test-method status="PASS" signature="setUp(java.lang.String)[pri:0, instance:chase.bank.tests.CreditCardsWithExtentReport@1d29cf23]" name="setUp" is-config="true" duration-ms="7526" started-at="2022-02-18T23:09:26Z" finished-at="2022-02-18T23:09:34Z">
          <params>
            <param index="0">
              <value>
                <![CDATA[mybrowser]]>
              </value>
            </param>
          </params>
          <reporter-output>
            <line>
              <![CDATA[My OS version is Mac OS X<br>]]>
            </line>
          </reporter-output>
        </test-method> <!-- setUp -->
        <test-method status="PASS" signature="test1()[pri:0, instance:chase.bank.tests.CreditCardsWithExtentReport@1d29cf23]" name="test1" duration-ms="20" started-at="2022-02-18T23:09:34Z" finished-at="2022-02-18T23:09:34Z">
          <reporter-output>
          </reporter-output>
        </test-method> <!-- test1 -->
        <test-method status="PASS" signature="afterEachTest(org.testng.ITestResult)[pri:0, instance:chase.bank.tests.CreditCardsWithExtentReport@1d29cf23]" name="afterEachTest" is-config="true" duration-ms="1076" started-at="2022-02-18T23:09:34Z" finished-at="2022-02-18T23:09:35Z">
          <params>
            <param index="0">
              <value>
                <![CDATA[[TestResult name=test1 status=SUCCESS method=CreditCardsWithExtentReport.test1()[pri:0, instance:chase.bank.tests.CreditCardsWithExtentReport@1d29cf23] output={null}]]]>
              </value>
            </param>
          </params>
          <reporter-output>
          </reporter-output>
        </test-method> <!-- afterEachTest -->
        <test-method status="PASS" signature="beforeEachTest(java.lang.reflect.Method)[pri:0, instance:chase.bank.tests.CreditCardsWithExtentReport@1d29cf23]" name="beforeEachTest" is-config="true" duration-ms="1" started-at="2022-02-18T23:09:35Z" finished-at="2022-02-18T23:09:35Z">
          <params>
            <param index="0">
              <value>
                <![CDATA[public void chase.bank.tests.CreditCardsWithExtentReport.test2()]]>
              </value>
            </param>
          </params>
          <reporter-output>
          </reporter-output>
        </test-method> <!-- beforeEachTest -->
        <test-method status="PASS" signature="setUp(java.lang.String)[pri:0, instance:chase.bank.tests.CreditCardsWithExtentReport@1d29cf23]" name="setUp" is-config="true" duration-ms="7387" started-at="2022-02-18T23:09:35Z" finished-at="2022-02-18T23:09:42Z">
          <params>
            <param index="0">
              <value>
                <![CDATA[mybrowser]]>
              </value>
            </param>
          </params>
          <reporter-output>
            <line>
              <![CDATA[My OS version is Mac OS X<br>]]>
            </line>
          </reporter-output>
        </test-method> <!-- setUp -->
        <test-method status="PASS" signature="test2()[pri:0, instance:chase.bank.tests.CreditCardsWithExtentReport@1d29cf23]" name="test2" duration-ms="4" started-at="2022-02-18T23:09:42Z" finished-at="2022-02-18T23:09:42Z">
          <reporter-output>
          </reporter-output>
        </test-method> <!-- test2 -->
        <test-method status="PASS" signature="afterEachTest(org.testng.ITestResult)[pri:0, instance:chase.bank.tests.CreditCardsWithExtentReport@1d29cf23]" name="afterEachTest" is-config="true" duration-ms="251" started-at="2022-02-18T23:09:42Z" finished-at="2022-02-18T23:09:42Z">
          <params>
            <param index="0">
              <value>
                <![CDATA[[TestResult name=test2 status=SUCCESS method=CreditCardsWithExtentReport.test2()[pri:0, instance:chase.bank.tests.CreditCardsWithExtentReport@1d29cf23] output={null}]]]>
              </value>
            </param>
          </params>
          <reporter-output>
          </reporter-output>
        </test-method> <!-- afterEachTest -->
        <test-method status="PASS" signature="finishReport()[pri:0, instance:chase.bank.tests.CreditCardsWithExtentReport@1d29cf23]" name="finishReport" is-config="true" duration-ms="641" started-at="2022-02-18T23:09:42Z" finished-at="2022-02-18T23:09:43Z">
          <reporter-output>
          </reporter-output>
        </test-method> <!-- finishReport -->
      </class> <!-- chase.bank.tests.CreditCardsWithExtentReport -->
    </test> <!-- smoke -->
  </suite> <!-- SmokeSuite -->
</testng-results>
